<?xml version="1.0" encoding="UTF-8"?>
<testsuite xmlns:xsi="http://www.w3.org/2001/XMLSchema-instance" xsi:noNamespaceSchemaLocation="https://maven.apache.org/surefire/maven-surefire-plugin/xsd/surefire-test-report-3.0.xsd" version="3.0" name="com.parallel.algorithm.mst.MstApplicationTests" time="0.805" tests="1" errors="0" skipped="0" failures="0">
  <properties>
[...]
</properties>
  <testcase name="contextLoads" classname="com.parallel.algorithm.mst.MstApplicationTests" time="0.411">
    <system-out><![CDATA[18:33:34.727 [main] INFO org.springframework.test.context.support.AnnotationConfigContextLoaderUtils -- Could not detect default configuration classes for test class [com.parallel.algorithm.mst.MstApplicationTests]: MstApplicationTests does not declare any static, non-private, non-final, nested classes annotated with @Configuration.
18:33:34.763 [main] INFO org.springframework.boot.test.context.SpringBootTestContextBootstrapper -- Found @SpringBootConfiguration com.parallel.algorithm.mst.MstApplication for test class com.parallel.algorithm.mst.MstApplicationTests

  .   ____          _            __ _ _
 /\\ / ___'_ __ _ _(_)_ __  __ _ \ \ \ \
( ( )\___ | '_ | '_| | '_ \/ _` | \ \ \ \
 \\/  ___)| |_)| | | | | || (_| |  ) ) ) )
  '  |____| .__|_| |_|_| |_\__, | / / / /
 =========|_|==============|___/=/_/_/_/
 :: Spring Boot ::                (v3.1.5)

2023-11-09T18:33:34.884-06:00  INFO 45187 --- [           main] c.p.algorithm.mst.MstApplicationTests    : Starting MstApplicationTests using Java 21.0.1 with PID 45187 (started by ashmaparveen in /Users/ashmaparveen/Desktop/DesktopData/StudyMaterial/Fall23/ParallelAlgorithm/mstAlgorithm)
2023-11-09T18:33:34.884-06:00  INFO 45187 --- [           main] c.p.algorithm.mst.MstApplicationTests    : No active profile set, falling back to 1 default profile: "default"
2023-11-09T18:33:35.043-06:00  INFO 45187 --- [           main] c.p.algorithm.mst.MstApplicationTests    : Started MstApplicationTests in 0.239 seconds (process running for 0.585)
]]></system-out>
    <system-err><![CDATA[WARNING: A Java agent has been loaded dynamically (/Users/ashmaparveen/.m2/repository/net/bytebuddy/byte-buddy-agent/1.14.9/byte-buddy-agent-1.14.9.jar)
WARNING: If a serviceability tool is in use, please run with -XX:+EnableDynamicAgentLoading to hide this warning
WARNING: If a serviceability tool is not in use, please run with -Djdk.instrument.traceUsage for more information
WARNING: Dynamic loading of agents will be disallowed by default in a future release
]]></system-err>
  </testcase>
</testsuite>